<?xml version="1.0" encoding="UTF-8"?>
<!-- Generated by org.testng.reporters.JUnitReportReporter -->
<testsuite hostname="Chaitali" failures="0" tests="5" name="parallel_execution.ParallelM" time="0.026" errors="0" timestamp="2022-09-21T14:53:38 IST" skipped="0">
  <testcase classname="parallel_execution.ParallelM" name="TC2" time="0.004"/>
  <system-out/>
  <testcase classname="parallel_execution.ParallelM" name="TC2" time="0.003"/>
  <system-out/>
  <testcase classname="parallel_execution.ParallelM" name="TC3" time="0.002"/>
  <system-out/>
  <testcase classname="parallel_execution.ParallelM" name="TC1" time="0.009"/>
  <system-out/>
  <testcase classname="parallel_execution.ParallelM" name="TC2" time="0.008"/>
  <system-out/>
</testsuite> <!-- parallel_execution.ParallelM -->
